2013-10-29 09:52:50,138  INFO com.ericsson.ema.downstream.zvms.VmsJavalink:50 - setConfiguration:
2013-10-29 09:52:50,147  INFO com.ericsson.ema.downstream.zvms.VmsJavalink:52 - Param:0:http://E72C4138049AD9:8088/mockIvmsbossHttpBinding
2013-10-29 09:52:50,148  INFO com.ericsson.ema.downstream.zvms.VmsJavalink:52 - Param:1:This is a tester.
2013-10-29 09:52:50,148  INFO com.ericsson.ema.downstream.zvms.VmsJavalink:52 - Param:2:This is a tester.
2013-10-29 09:52:50,149  INFO com.ericsson.ema.downstream.zvms.VmsJavalink:66 - connect()
2013-10-29 09:52:50,154  INFO com.ericsson.ema.downstream.zvms.VmsJavalink:75 - receive:<?xml version="1.0" encoding="UTF-8"?>
<mml>
	<RequestData>
		<Operation>CreateUser</Operation>
		
		<Operid>admin</Operid>
		<Operpwd>admin</Operpwd>
		<Boxnumber>13345678920</Boxnumber>
		<Idnumber>133123123123123</Idnumber>
	</RequestData>
</mml>
2013-10-29 09:52:51,055  WARN org.apache.axis.utils.JavaUtils:1308 - Unable to find required classes (javax.activation.DataHandler and javax.mail.internet.MimeMultipart). Attachment support is disabled.
2013-10-29 09:52:51,770 ERROR com.ericsson.ema.downstream.service.ProvisioningService:44 - ; nested exception is: 
	org.xml.sax.SAXException: Bad envelope tag:  html
2013-10-29 09:52:51,771 ERROR com.ericsson.ema.downstream.controller.ProvisioningController:55 - JavaLink exception ; nested exception is: 
	org.xml.sax.SAXException: Bad envelope tag:  html
2013-10-29 09:52:51,771  INFO com.ericsson.ema.downstream.zvms.VmsJavalink:86 - Response Code: -1
2013-10-29 09:52:51,772  INFO com.ericsson.ema.downstream.zvms.VmsJavalink:87 - Response Desription : Unable to process
2013-10-29 09:52:51,772  INFO com.ericsson.ema.downstream.zvms.VmsJavalink:90 - Response: 
RESP:ErrorCode=-1,ErrorDescription=Unable to process;
2013-10-29 09:52:51,773  INFO com.ericsson.ema.downstream.zvms.VmsJavalink:100 - disconnect()
2013-10-29 15:05:45,734  INFO com.ericsson.ema.downstream.zvms.VmsJavalink:50 - setConfiguration:
2013-10-29 15:05:45,740  INFO com.ericsson.ema.downstream.zvms.VmsJavalink:52 - Param:0:http://E72C4138049AD9:8088/mockIvmsbossHttpBinding
2013-10-29 15:05:45,741  INFO com.ericsson.ema.downstream.zvms.VmsJavalink:52 - Param:1:This is a tester.
2013-10-29 15:05:45,742  INFO com.ericsson.ema.downstream.zvms.VmsJavalink:52 - Param:2:This is a tester.
2013-10-29 15:05:45,743  INFO com.ericsson.ema.downstream.zvms.VmsJavalink:66 - connect()
2013-10-29 15:05:45,744  INFO com.ericsson.ema.downstream.zvms.VmsJavalink:75 - receive: <?xml version="1.0" encoding="UTF-8"?><mml><RequestData><Operation>activateSubscriber</Operation><TxnType>activateSubscriber</TxnType><Msisdn>60112777889</Msisdn><TransactionId>001</TransactionId></RequestData></mml>
2013-10-29 15:05:45,795 ERROR com.ericsson.ema.downstream.mml.MmlParser:35 - The processing instruction target matching "[xX][mM][lL]" is not allowed.
2013-10-29 15:05:45,798 ERROR com.ericsson.ema.downstream.controller.ProvisioningController:55 - JavaLink exception The processing instruction target matching "[xX][mM][lL]" is not allowed.
2013-10-29 15:05:45,799  INFO com.ericsson.ema.downstream.zvms.VmsJavalink:86 - Response Code: -1
2013-10-29 15:05:45,801  INFO com.ericsson.ema.downstream.zvms.VmsJavalink:87 - Response Desription : Unable to process
2013-10-29 15:05:45,802  INFO com.ericsson.ema.downstream.zvms.VmsJavalink:90 - Response: 
RESP:ErrorCode=-1,ErrorDescription=Unable to process;
2013-10-29 15:05:45,804  INFO com.ericsson.ema.downstream.zvms.VmsJavalink:100 - disconnect()
2013-10-29 15:07:31,615  INFO com.ericsson.ema.downstream.zvms.VmsJavalink:50 - setConfiguration:
2013-10-29 15:07:31,621  INFO com.ericsson.ema.downstream.zvms.VmsJavalink:52 - Param:0:http://E72C4138049AD9:8088/mockIvmsbossHttpBinding
2013-10-29 15:07:31,622  INFO com.ericsson.ema.downstream.zvms.VmsJavalink:52 - Param:1:This is a tester.
2013-10-29 15:07:31,623  INFO com.ericsson.ema.downstream.zvms.VmsJavalink:52 - Param:2:This is a tester.
2013-10-29 15:07:31,624  INFO com.ericsson.ema.downstream.zvms.VmsJavalink:66 - connect()
2013-10-29 15:07:31,625  INFO com.ericsson.ema.downstream.zvms.VmsJavalink:75 - receive: <?xml version="1.0" encoding="UTF-8"?><mml><RequestData><Operation>activateSubscriber</Operation><TxnType>activateSubscriber</TxnType><Msisdn>60112777889</Msisdn><TransactionId>001</TransactionId></RequestData></mml>
2013-10-29 15:07:31,669 ERROR com.ericsson.ema.downstream.mml.MmlParser:35 - The processing instruction target matching "[xX][mM][lL]" is not allowed.
2013-10-29 15:07:31,670 ERROR com.ericsson.ema.downstream.controller.ProvisioningController:55 - JavaLink exception The processing instruction target matching "[xX][mM][lL]" is not allowed.
2013-10-29 15:07:31,672  INFO com.ericsson.ema.downstream.zvms.VmsJavalink:86 - Response Code: -1
2013-10-29 15:07:31,673  INFO com.ericsson.ema.downstream.zvms.VmsJavalink:87 - Response Desription : Unable to process
2013-10-29 15:07:31,675  INFO com.ericsson.ema.downstream.zvms.VmsJavalink:90 - Response: 
RESP:ErrorCode=-1,ErrorDescription=Unable to process;
2013-10-29 15:07:31,676  INFO com.ericsson.ema.downstream.zvms.VmsJavalink:100 - disconnect()
2013-10-29 15:15:39,185  INFO com.ericsson.ema.downstream.zvms.VmsJavalink:50 - setConfiguration:
2013-10-29 15:15:39,190  INFO com.ericsson.ema.downstream.zvms.VmsJavalink:52 - Param:0:http://E72C4138049AD9:8088/mockIvmsbossHttpBinding
2013-10-29 15:15:39,190  INFO com.ericsson.ema.downstream.zvms.VmsJavalink:52 - Param:1:This is a tester.
2013-10-29 15:15:39,191  INFO com.ericsson.ema.downstream.zvms.VmsJavalink:52 - Param:2:This is a tester.
2013-10-29 15:15:39,192  INFO com.ericsson.ema.downstream.zvms.VmsJavalink:66 - connect()
2013-10-29 15:15:39,193  INFO com.ericsson.ema.downstream.zvms.VmsJavalink:75 - receive: <?xml version="1.0" encoding="UTF-8"?><mml><RequestData><Operation>activateSubscriber</Operation><TxnType>activateSubscriber</TxnType><Msisdn>60112777889</Msisdn><TransactionId>001</TransactionId></RequestData></mml>
2013-10-29 15:15:39,231 ERROR com.ericsson.ema.downstream.mml.MmlParser:35 - The processing instruction target matching "[xX][mM][lL]" is not allowed.
2013-10-29 15:15:39,232 ERROR com.ericsson.ema.downstream.controller.ProvisioningController:55 - JavaLink exception The processing instruction target matching "[xX][mM][lL]" is not allowed.
2013-10-29 15:15:39,233  INFO com.ericsson.ema.downstream.zvms.VmsJavalink:86 - Response Code: -1
2013-10-29 15:15:39,233  INFO com.ericsson.ema.downstream.zvms.VmsJavalink:87 - Response Desription : Unable to process
2013-10-29 15:15:39,234  INFO com.ericsson.ema.downstream.zvms.VmsJavalink:90 - Response: 
RESP:ErrorCode=-1,ErrorDescription=Unable to process;
2013-10-29 15:15:39,235  INFO com.ericsson.ema.downstream.zvms.VmsJavalink:100 - disconnect()
2013-10-29 15:16:27,128  INFO com.ericsson.ema.downstream.zvms.VmsJavalink:50 - setConfiguration:
2013-10-29 15:16:27,135  INFO com.ericsson.ema.downstream.zvms.VmsJavalink:52 - Param:0:http://E72C4138049AD9:8088/mockIvmsbossHttpBinding
2013-10-29 15:16:27,136  INFO com.ericsson.ema.downstream.zvms.VmsJavalink:52 - Param:1:This is a tester.
2013-10-29 15:16:27,137  INFO com.ericsson.ema.downstream.zvms.VmsJavalink:52 - Param:2:This is a tester.
2013-10-29 15:16:27,138  INFO com.ericsson.ema.downstream.zvms.VmsJavalink:66 - connect()
2013-10-29 15:16:27,138  INFO com.ericsson.ema.downstream.zvms.VmsJavalink:75 - receive: <?xml version="1.0" encoding="UTF-8"?><mml><RequestData><Operation>activateSubscriber</Operation><TxnType>activateSubscriber</TxnType><Msisdn>60112777889</Msisdn><TransactionId>001</TransactionId></RequestData></mml>
2013-10-29 15:16:27,188 ERROR com.ericsson.ema.downstream.mml.MmlParser:35 - The processing instruction target matching "[xX][mM][lL]" is not allowed.
2013-10-29 15:16:27,190 ERROR com.ericsson.ema.downstream.controller.ProvisioningController:55 - JavaLink exception The processing instruction target matching "[xX][mM][lL]" is not allowed.
2013-10-29 15:16:27,192  INFO com.ericsson.ema.downstream.zvms.VmsJavalink:86 - Response Code: -1
2013-10-29 15:16:27,193  INFO com.ericsson.ema.downstream.zvms.VmsJavalink:87 - Response Desription : Unable to process
2013-10-29 15:16:27,195  INFO com.ericsson.ema.downstream.zvms.VmsJavalink:90 - Response: 
RESP:ErrorCode=-1,ErrorDescription=Unable to process;
2013-10-29 15:16:27,197  INFO com.ericsson.ema.downstream.zvms.VmsJavalink:100 - disconnect()
2013-10-29 15:16:41,346  INFO com.ericsson.ema.downstream.zvms.VmsJavalink:50 - setConfiguration:
2013-10-29 15:16:41,352  INFO com.ericsson.ema.downstream.zvms.VmsJavalink:52 - Param:0:http://E72C4138049AD9:8088/mockIvmsbossHttpBinding
2013-10-29 15:16:41,353  INFO com.ericsson.ema.downstream.zvms.VmsJavalink:52 - Param:1:This is a tester.
2013-10-29 15:16:41,353  INFO com.ericsson.ema.downstream.zvms.VmsJavalink:52 - Param:2:This is a tester.
2013-10-29 15:16:41,354  INFO com.ericsson.ema.downstream.zvms.VmsJavalink:66 - connect()
2013-10-29 15:16:41,355  INFO com.ericsson.ema.downstream.zvms.VmsJavalink:75 - receive: <?xml version="1.0" encoding="UTF-8"?><mml><RequestData><Operation>activateSubscriber</Operation><TxnType>activateSubscriber</TxnType><Msisdn>60112777889</Msisdn><TransactionId>001</TransactionId></RequestData></mml>
2013-10-29 15:16:41,427 ERROR com.ericsson.ema.downstream.mml.MmlParser:35 - The processing instruction target matching "[xX][mM][lL]" is not allowed.
2013-10-29 15:16:41,428 ERROR com.ericsson.ema.downstream.controller.ProvisioningController:55 - JavaLink exception The processing instruction target matching "[xX][mM][lL]" is not allowed.
2013-10-29 15:16:41,430  INFO com.ericsson.ema.downstream.zvms.VmsJavalink:86 - Response Code: -1
2013-10-29 15:16:41,431  INFO com.ericsson.ema.downstream.zvms.VmsJavalink:87 - Response Desription : Unable to process
2013-10-29 15:16:41,432  INFO com.ericsson.ema.downstream.zvms.VmsJavalink:90 - Response: 
RESP:ErrorCode=-1,ErrorDescription=Unable to process;
2013-10-29 15:16:41,433  INFO com.ericsson.ema.downstream.zvms.VmsJavalink:100 - disconnect()
2013-10-29 15:16:55,350  INFO com.ericsson.ema.downstream.zvms.VmsJavalink:50 - setConfiguration:
2013-10-29 15:16:55,357  INFO com.ericsson.ema.downstream.zvms.VmsJavalink:52 - Param:0:http://E72C4138049AD9:8088/mockIvmsbossHttpBinding
2013-10-29 15:16:55,358  INFO com.ericsson.ema.downstream.zvms.VmsJavalink:52 - Param:1:This is a tester.
2013-10-29 15:16:55,359  INFO com.ericsson.ema.downstream.zvms.VmsJavalink:52 - Param:2:This is a tester.
2013-10-29 15:16:55,360  INFO com.ericsson.ema.downstream.zvms.VmsJavalink:66 - connect()
2013-10-29 15:16:55,361  INFO com.ericsson.ema.downstream.zvms.VmsJavalink:75 - receive: <?xml version="1.0" encoding="UTF-8"?><mml><RequestData><Operation>activateSubscriber</Operation><TxnType>activateSubscriber</TxnType><Msisdn>60112777889</Msisdn><TransactionId>001</TransactionId></RequestData></mml>
2013-10-29 15:16:55,421 ERROR com.ericsson.ema.downstream.mml.MmlParser:35 - The processing instruction target matching "[xX][mM][lL]" is not allowed.
2013-10-29 15:16:55,423 ERROR com.ericsson.ema.downstream.controller.ProvisioningController:55 - JavaLink exception The processing instruction target matching "[xX][mM][lL]" is not allowed.
2013-10-29 15:16:55,425  INFO com.ericsson.ema.downstream.zvms.VmsJavalink:86 - Response Code: -1
2013-10-29 15:16:55,427  INFO com.ericsson.ema.downstream.zvms.VmsJavalink:87 - Response Desription : Unable to process
2013-10-29 15:16:55,429  INFO com.ericsson.ema.downstream.zvms.VmsJavalink:90 - Response: 
RESP:ErrorCode=-1,ErrorDescription=Unable to process;
2013-10-29 15:16:55,431  INFO com.ericsson.ema.downstream.zvms.VmsJavalink:100 - disconnect()


testing
